
****** Scout HLS - High-Level Synthesis from C, C++ and OpenCL v2019.2.0 (64-bit)
  **** SW Build 2585285 on Sat Jul  6 18:47:43 MDT 2019
  **** IP Build 2585275 on Sat Jul  6 21:40:58 MDT 2019
    ** Copyright 1986-2019 Xilinx, Inc. All Rights Reserved.

source /proj/xbuilds/HEAD_daily_latest/installs/lin64/Scout/HEAD/scripts/scout_hls/hls.tcl -notrace
INFO: [HLS 200-10] Running '/proj/xbuilds/HEAD_daily_latest/installs/lin64/Scout/HEAD/bin/unwrapped/lnx64.o/scout_hls'
INFO: [HLS 200-10] For user 'kefuz' on host 'xhdengvm154063' (Linux_x86_64 version 3.10.0-693.el7.x86_64) on Mon Jul 08 12:03:27 IST 2019
INFO: [HLS 200-10] On os "CentOS Linux release 7.4.1708 (Core) "
INFO: [HLS 200-10] In directory '/home/kefuz/git/vivado_hls_test/2D_convolution_with_linebuffer'
Sourcing Tcl script '/home/kefuz/git/vivado_hls_test/2D_convolution_with_linebuffer/proj_2D_convolution_with_linebuffer/solution1/csim.tcl'
INFO: [HLS 200-10] Opening project '/home/kefuz/git/vivado_hls_test/2D_convolution_with_linebuffer/proj_2D_convolution_with_linebuffer'.
INFO: [HLS 200-10] Adding design file 'convolution.cpp' to the project
INFO: [HLS 200-10] Adding test bench file 'convolution_test.cpp' to the project
INFO: [HLS 200-10] Opening solution '/home/kefuz/git/vivado_hls_test/2D_convolution_with_linebuffer/proj_2D_convolution_with_linebuffer/solution1'.
INFO: [SYN 201-201] Setting up clock 'default' with a period of 6.66ns.
INFO: [HLS 200-10] Setting target device to 'xc7z020-clg484-1'
INFO: [SIM 211-2] *************** CSIM start ***************
INFO: [SIM 211-4] CSIM will launch GCC as the compiler.
   Compiling ../../../../convolution_test.cpp in debug mode
   Compiling ../../../../convolution.cpp in debug mode
   Generating csim.exe

*** TEST PASSED ***
INFO: [SIM 211-1] CSim done with 0 errors.
INFO: [SIM 211-3] *************** CSIM finish ***************
INFO: [Common 17-206] Exiting scout_hls at Mon Jul  8 12:03:35 2019...
