INFO-FLOW: Workspace /home/kefuz/git/vivado_hls1/axi_lite/proj_axi_lite/solution1 opened at Fri Jul 19 12:41:00 IST 2019
Execute     config_clock -quiet -name default -period 13.333 -unit ns -default=false 
INFO: [SYN 201-201] Setting up clock 'default' with a period of 13.333ns.
Execute     open_platform DefaultPlatform 
Execute     import_lib /proj/xbuilds/HEAD_daily_latest/installs/lin64/Scout/HEAD/common/technology/xilinx/zynq/zynq 
Execute       source /proj/xbuilds/HEAD_daily_latest/installs/lin64/Scout/HEAD/common/technology/xilinx/common/xilinx.lib 
Execute         source /proj/xbuilds/HEAD_daily_latest/installs/lin64/Scout/HEAD/common/technology/xilinx/interface/xilinx_interface.lib 
Execute           source /proj/xbuilds/HEAD_daily_latest/installs/lin64/Scout/HEAD/common/technology/xilinx/interface/plb46.lib 
Execute           source /proj/xbuilds/HEAD_daily_latest/installs/lin64/Scout/HEAD/common/technology/xilinx/interface/fsl.lib 
Execute           source /proj/xbuilds/HEAD_daily_latest/installs/lin64/Scout/HEAD/common/technology/xilinx/interface/axi4.lib 
Execute           source /proj/xbuilds/HEAD_daily_latest/installs/lin64/Scout/HEAD/common/technology/xilinx/interface/maxi.lib 
Execute           source /proj/xbuilds/HEAD_daily_latest/installs/lin64/Scout/HEAD/common/technology/xilinx/interface/saxilite.lib 
Execute         source /proj/xbuilds/HEAD_daily_latest/installs/lin64/Scout/HEAD/common/technology/xilinx/common/dsp48.lib 
Execute         source /proj/xbuilds/HEAD_daily_latest/installs/lin64/Scout/HEAD/common/technology/xilinx/ip/dds_compiler.lib 
Execute         source /proj/xbuilds/HEAD_daily_latest/installs/lin64/Scout/HEAD/common/technology/xilinx/ip/xfft.lib 
Execute         source /proj/xbuilds/HEAD_daily_latest/installs/lin64/Scout/HEAD/common/technology/xilinx/ip/xfir.lib 
Execute       source /proj/xbuilds/HEAD_daily_latest/installs/lin64/Scout/HEAD/common/technology/xilinx/common/xilinx.hlp 
Execute         source /proj/xbuilds/HEAD_daily_latest/installs/lin64/Scout/HEAD/common/technology/xilinx/common/target_info.tcl 
Execute         source /proj/xbuilds/HEAD_daily_latest/installs/lin64/Scout/HEAD/common/technology/xilinx/interface/xilinx_interface.hlp 
Execute           source /proj/xbuilds/HEAD_daily_latest/installs/lin64/Scout/HEAD/common/technology/xilinx/interface/maxi.hlp 
Execute           source /proj/xbuilds/HEAD_daily_latest/installs/lin64/Scout/HEAD/common/technology/xilinx/interface/saxilite.hlp 
Execute         source /proj/xbuilds/HEAD_daily_latest/installs/lin64/Scout/HEAD/common/technology/xilinx/common/dsp48.hlp 
Execute       source /proj/xbuilds/HEAD_daily_latest/installs/lin64/Scout/HEAD/common/technology/xilinx/zynq/dsp48e1.hlp 
Execute       source /proj/xbuilds/HEAD_daily_latest/installs/lin64/Scout/HEAD/common/technology/xilinx/common/xilinx.hlp 
Execute         source /proj/xbuilds/HEAD_daily_latest/installs/lin64/Scout/HEAD/common/technology/xilinx/common/target_info.tcl 
Execute         source /proj/xbuilds/HEAD_daily_latest/installs/lin64/Scout/HEAD/common/technology/xilinx/interface/xilinx_interface.hlp 
Execute           source /proj/xbuilds/HEAD_daily_latest/installs/lin64/Scout/HEAD/common/technology/xilinx/interface/maxi.hlp 
Execute           source /proj/xbuilds/HEAD_daily_latest/installs/lin64/Scout/HEAD/common/technology/xilinx/interface/saxilite.hlp 
Execute         source /proj/xbuilds/HEAD_daily_latest/installs/lin64/Scout/HEAD/common/technology/xilinx/common/dsp48.hlp 
Execute     source /proj/xbuilds/HEAD_daily_latest/installs/lin64/Scout/HEAD/common/technology/xilinx/zynq/zynq.gen 
Execute       source /proj/xbuilds/HEAD_daily_latest/installs/lin64/Scout/HEAD/common/technology/xilinx/common/xilinx.gen 
Execute         source /proj/xbuilds/HEAD_daily_latest/installs/lin64/Scout/HEAD/common/technology/xilinx/interface/plb46.gen 
Execute         source /proj/xbuilds/HEAD_daily_latest/installs/lin64/Scout/HEAD/common/technology/xilinx/interface/fsl.gen 
Execute         source /proj/xbuilds/HEAD_daily_latest/installs/lin64/Scout/HEAD/common/technology/xilinx/interface/axi4.gen 
Execute         source /proj/xbuilds/HEAD_daily_latest/installs/lin64/Scout/HEAD/common/technology/xilinx/interface/nativeAXI4.gen 
Execute           source /proj/xbuilds/HEAD_daily_latest/installs/lin64/Scout/HEAD/common/technology/xilinx/interface/saxilite.gen 
Execute           source /proj/xbuilds/HEAD_daily_latest/installs/lin64/Scout/HEAD/common/technology/xilinx/interface/maxi.gen 
Execute         source /proj/xbuilds/HEAD_daily_latest/installs/lin64/Scout/HEAD/common/technology/xilinx/scripts/xilinxcoregen.gen 
Execute         source /proj/xbuilds/HEAD_daily_latest/installs/lin64/Scout/HEAD/common/technology/xilinx/interface/XilEDKCoreGen.gen 
Execute         source /proj/xbuilds/HEAD_daily_latest/installs/lin64/Scout/HEAD/common/technology/xilinx/ip/dds_compiler.gen 
Execute         source /proj/xbuilds/HEAD_daily_latest/installs/lin64/Scout/HEAD/common/technology/xilinx/ip/util.gen 
Execute         source /proj/xbuilds/HEAD_daily_latest/installs/lin64/Scout/HEAD/common/technology/xilinx/ip/xfft.gen 
Command         ap_source done; 0.13 sec.
Execute         source /proj/xbuilds/HEAD_daily_latest/installs/lin64/Scout/HEAD/common/technology/xilinx/ip/xfir.gen 
Execute         source /proj/xbuilds/HEAD_daily_latest/installs/lin64/Scout/HEAD/common/technology/xilinx/common/dsp48.gen 
Command       ap_source done; 0.22 sec.
Command     ap_source done; 0.22 sec.
Execute     open_platform DefaultPlatform 
Execute     import_lib /proj/xbuilds/HEAD_daily_latest/installs/lin64/Scout/HEAD/common/technology/xilinx/zynq/zynq_fpv6 
Execute       source /proj/xbuilds/HEAD_daily_latest/installs/lin64/Scout/HEAD/common/technology/xilinx/common/xilinx_fp.lib 
Execute       source /proj/xbuilds/HEAD_daily_latest/installs/lin64/Scout/HEAD/common/technology/xilinx/common/xilinx_fp.hlp 
Execute         source /proj/xbuilds/HEAD_daily_latest/installs/lin64/Scout/HEAD/common/technology/xilinx/common/xilinx.hlp 
Execute           source /proj/xbuilds/HEAD_daily_latest/installs/lin64/Scout/HEAD/common/technology/xilinx/common/target_info.tcl 
Execute           source /proj/xbuilds/HEAD_daily_latest/installs/lin64/Scout/HEAD/common/technology/xilinx/interface/xilinx_interface.hlp 
Execute             source /proj/xbuilds/HEAD_daily_latest/installs/lin64/Scout/HEAD/common/technology/xilinx/interface/maxi.hlp 
Execute             source /proj/xbuilds/HEAD_daily_latest/installs/lin64/Scout/HEAD/common/technology/xilinx/interface/saxilite.hlp 
Execute           source /proj/xbuilds/HEAD_daily_latest/installs/lin64/Scout/HEAD/common/technology/xilinx/common/dsp48.hlp 
Execute     source /proj/xbuilds/HEAD_daily_latest/installs/lin64/Scout/HEAD/common/technology/xilinx/zynq/zynq_fpv6.gen 
Execute       source /proj/xbuilds/HEAD_daily_latest/installs/lin64/Scout/HEAD/common/technology/xilinx/common/xilinx_fp.gen 
Execute     set_part xc7z020clg484-2 
Execute       ap_part_info -name xc7z020clg484-2 -data single -quiet 
Command       ap_part_info done; 2.67 sec.
Execute       ap_part_info -name xc7z020clg484-2 -data info 
Execute       add_library xilinx/zynq/zynq:xc7z020:-clg484:-2 
Execute         get_default_platform 
Execute         ap_part_info -data single -name xc7z020-clg484-2 
Execute         ap_part_info -name xc7z020-clg484-2 -data resources 
Execute         ap_part_info -name xc7z020-clg484-2 -data info 
Execute         ap_part_info -name xc7z020-clg484-2 -data info 
Execute         config_chip_info -quiet -resource {SLICE 13300} {LUT 53200} {FF 106400} {DSP48E 220} {BRAM 280} {URAM 0} 
Execute         ap_part_info -name xc7z020-clg484-2 -data info 
Execute         config_chip_info -quiet -speed medium 
Execute       add_library xilinx/zynq/zynq_fpv6 
Execute         get_default_platform 
INFO: [HLS 200-10] Setting target device to 'xc7z020-clg484-2'
Execute       ap_part_info -name xc7z020-clg484-2 -data info 
Execute       get_default_platform 
Command     set_part done; 2.82 sec.
Execute     ap_part_info -data single -name xc7z020clg484-2 
Execute     ap_part_info -name xc7z020clg484-2 -data resources 
Execute     ap_part_info -name xc7z020clg484-2 -data info 
Execute     ap_part_info -name xc7z020clg484-2 -data info 
Execute     config_chip_info -quiet -resource {SLICE 13300} {LUT 53200} {FF 106400} {DSP48E 220} {BRAM 280} {URAM 0} 
Execute     ap_part_info -name xc7z020clg484-2 -data info 
Execute     config_chip_info -quiet -speed medium 
Command   open_solution done; 3.18 sec.
Execute   set_part xc7z020clg484-2 
Execute     ap_part_info -name xc7z020clg484-2 -data single -quiet 
Execute     ap_part_info -name xc7z020clg484-2 -data info 
Execute     add_library xilinx/zynq/zynq:xc7z020:-clg484:-2 
Execute       get_default_platform 
Execute       ap_part_info -data single -name xc7z020-clg484-2 
Execute       ap_part_info -name xc7z020-clg484-2 -data resources 
Execute       ap_part_info -name xc7z020-clg484-2 -data info 
Execute       ap_part_info -name xc7z020-clg484-2 -data info 
Execute       config_chip_info -quiet -resource {SLICE 13300} {LUT 53200} {FF 106400} {DSP48E 220} {BRAM 280} {URAM 0} 
Execute       ap_part_info -name xc7z020-clg484-2 -data info 
Execute       config_chip_info -quiet -speed medium 
Execute     add_library xilinx/zynq/zynq_fpv6 
Execute       get_default_platform 
Execute     ap_part_info -name xc7z020-clg484-2 -data info 
Execute     get_default_platform 
Command   set_part done; 0.11 sec.
Execute   create_clock -period 75MHz -name default 
Execute   csim_design -clean -quiet 
INFO: [SIM 211-2] *************** CSIM start ***************
INFO: [SIM 211-4] CSIM will launch GCC as the compiler.
Execute     is_encrypted /home/kefuz/git/vivado_hls1/axi_lite/example_test.cpp 
Execute     is_xip /home/kefuz/git/vivado_hls1/axi_lite/example_test.cpp 
Execute     is_encrypted /home/kefuz/git/vivado_hls1/axi_lite/example.cpp 
Execute     is_xip /home/kefuz/git/vivado_hls1/axi_lite/example.cpp 
Execute     ap_part_info -name xc7z020-clg484-2 -data info 
Execute     source run_sim.tcl 
INFO: [SIM 211-1] CSim done with 0 errors.
INFO: [SIM 211-3] *************** CSIM finish ***************
Command   csim_design done; 2.12 sec.
Command ap_source done; 5.43 sec.
Execute cleanup_all 
