

================================================================
== Vivado HLS Report for 'Block_proc'
================================================================
* Date:           Tue May 21 08:04:38 2019

* Version:        2019.2.0 (Build 2547110 on Sun May 19 23:20:49 MDT 2019)
* Project:        proj_2D_convolution_with_linebuffer
* Solution:       solution1
* Product family: zynq
* Target device:  xc7z020-clg484-1


================================================================
== Performance Estimates
================================================================
+ Timing (ns): 
    * Summary: 
    +--------+-------+----------+------------+
    |  Clock | Target| Estimated| Uncertainty|
    +--------+-------+----------+------------+
    |ap_clk  |   6.66|     5.466|        0.83|
    +--------+-------+----------+------------+

+ Latency (clock cycles): 
    * Summary: 
    +-----+-----+-----+-----+---------+
    |  Latency  |  Interval | Pipeline|
    | min | max | min | max |   Type  |
    +-----+-----+-----+-----+---------+
    |    1|    1|    1|    1|   none  |
    +-----+-----+-----+-----+---------+

    + Detail: 
        * Instance: 
        N/A

        * Loop: 
        N/A



================================================================
== Utilization Estimates
================================================================
* Summary: 
+-----------------+---------+-------+--------+-------+-----+
|       Name      | BRAM_18K| DSP48E|   FF   |  LUT  | URAM|
+-----------------+---------+-------+--------+-------+-----+
|DSP              |        -|      -|       -|      -|    -|
|Expression       |        -|      -|       0|     43|    -|
|FIFO             |        -|      -|       -|      -|    -|
|Instance         |        -|      -|       -|      -|    -|
|Memory           |        -|      -|       -|      -|    -|
|Multiplexer      |        -|      -|       -|     78|    -|
|Register         |        -|      -|      68|      -|    -|
+-----------------+---------+-------+--------+-------+-----+
|Total            |        0|      0|      68|    121|    0|
+-----------------+---------+-------+--------+-------+-----+
|Available        |      280|    220|  106400|  53200|    0|
+-----------------+---------+-------+--------+-------+-----+
|Utilization (%)  |        0|      0|   ~0   |   ~0  |    0|
+-----------------+---------+-------+--------+-------+-----+

+ Detail: 
    * Instance: 
    N/A

    * DSP48E: 
    N/A

    * Memory: 
    N/A

    * FIFO: 
    N/A

    * Expression: 
    +------------------------+----------+-------+---+----+------------+------------+
    |      Variable Name     | Operation| DSP48E| FF| LUT| Bitwidth P0| Bitwidth P1|
    +------------------------+----------+-------+---+----+------------+------------+
    |vconv_xlim_out_out_din  |     +    |      0|  0|  39|          32|           5|
    |ap_block_state1         |    or    |      0|  0|   2|           1|           1|
    |ap_block_state2         |    or    |      0|  0|   2|           1|           1|
    +------------------------+----------+-------+---+----+------------+------------+
    |Total                   |          |      0|  0|  43|          34|           7|
    +------------------------+----------+-------+---+----+------------+------------+

    * Multiplexer: 
    +--------------------------+----+-----------+-----+-----------+
    |           Name           | LUT| Input Size| Bits| Total Bits|
    +--------------------------+----+-----------+-----+-----------+
    |ap_NS_fsm                 |  15|          3|    1|          3|
    |ap_done                   |   9|          2|    1|          2|
    |height_blk_n              |   9|          2|    1|          2|
    |height_out_blk_n          |   9|          2|    1|          2|
    |real_start                |   9|          2|    1|          2|
    |vconv_xlim_out_out_blk_n  |   9|          2|    1|          2|
    |width_blk_n               |   9|          2|    1|          2|
    |width_out_blk_n           |   9|          2|    1|          2|
    +--------------------------+----+-----------+-----+-----------+
    |Total                     |  78|         17|    8|         17|
    +--------------------------+----+-----------+-----+-----------+

    * Register: 
    +--------------------+----+----+-----+-----------+
    |        Name        | FF | LUT| Bits| Const Bits|
    +--------------------+----+----+-----+-----------+
    |ap_CS_fsm           |   2|   0|    2|          0|
    |ap_done_reg         |   1|   0|    1|          0|
    |height_read_reg_75  |  32|   0|   32|          0|
    |start_once_reg      |   1|   0|    1|          0|
    |width_read_reg_69   |  32|   0|   32|          0|
    +--------------------+----+----+-----+-----------+
    |Total               |  68|   0|   68|          0|
    +--------------------+----+----+-----+-----------+



================================================================
== Interface
================================================================
* Summary: 
+---------------------------+-----+-----+------------+--------------------+--------------+
|         RTL Ports         | Dir | Bits|  Protocol  |    Source Object   |    C Type    |
+---------------------------+-----+-----+------------+--------------------+--------------+
|ap_clk                     |  in |    1| ap_ctrl_hs |     Block__proc    | return value |
|ap_rst                     |  in |    1| ap_ctrl_hs |     Block__proc    | return value |
|ap_start                   |  in |    1| ap_ctrl_hs |     Block__proc    | return value |
|start_full_n               |  in |    1| ap_ctrl_hs |     Block__proc    | return value |
|ap_done                    | out |    1| ap_ctrl_hs |     Block__proc    | return value |
|ap_continue                |  in |    1| ap_ctrl_hs |     Block__proc    | return value |
|ap_idle                    | out |    1| ap_ctrl_hs |     Block__proc    | return value |
|ap_ready                   | out |    1| ap_ctrl_hs |     Block__proc    | return value |
|start_out                  | out |    1| ap_ctrl_hs |     Block__proc    | return value |
|start_write                | out |    1| ap_ctrl_hs |     Block__proc    | return value |
|width_dout                 |  in |   32|   ap_fifo  |        width       |    pointer   |
|width_empty_n              |  in |    1|   ap_fifo  |        width       |    pointer   |
|width_read                 | out |    1|   ap_fifo  |        width       |    pointer   |
|height_dout                |  in |   32|   ap_fifo  |       height       |    pointer   |
|height_empty_n             |  in |    1|   ap_fifo  |       height       |    pointer   |
|height_read                | out |    1|   ap_fifo  |       height       |    pointer   |
|width_out_din              | out |   32|   ap_fifo  |      width_out     |    pointer   |
|width_out_full_n           |  in |    1|   ap_fifo  |      width_out     |    pointer   |
|width_out_write            | out |    1|   ap_fifo  |      width_out     |    pointer   |
|height_out_din             | out |   32|   ap_fifo  |     height_out     |    pointer   |
|height_out_full_n          |  in |    1|   ap_fifo  |     height_out     |    pointer   |
|height_out_write           | out |    1|   ap_fifo  |     height_out     |    pointer   |
|vconv_xlim_out_out_din     | out |   32|   ap_fifo  | vconv_xlim_out_out |    pointer   |
|vconv_xlim_out_out_full_n  |  in |    1|   ap_fifo  | vconv_xlim_out_out |    pointer   |
|vconv_xlim_out_out_write   | out |    1|   ap_fifo  | vconv_xlim_out_out |    pointer   |
+---------------------------+-----+-----+------------+--------------------+--------------+

