

================================================================
== Vivado HLS Report for 'filter11x11_strm'
================================================================
* Date:           Thu May 23 07:29:25 2019

* Version:        2019.2.0 (Build 2548284 on Tue May 21 04:25:56 EDT 2019)
* Project:        proj_2D_convolution_with_linebuffer
* Solution:       solution1
* Product family: zynq
* Target device:  xc7z020-clg484-1


================================================================
== Performance Estimates
================================================================
+ Timing (ns): 
    * Summary: 
    +--------+-------+----------+------------+
    |  Clock | Target| Estimated| Uncertainty|
    +--------+-------+----------+------------+
    |ap_clk  |   6.66|     7.061|        0.83|
    +--------+-------+----------+------------+

+ Latency (clock cycles): 
    * Summary: 
    +-----+-----------+-----+-----------+----------+
    |     Latency     |     Interval    | Pipeline |
    | min |    max    | min |    max    |   Type   |
    +-----+-----------+-----+-----------+----------+
    |   15|  162727239|    6|  162727229| dataflow |
    +-----+-----------+-----+-----------+----------+

    + Detail: 
        * Instance: 
        +-------------------------+----------------------+-----+-----------+-----+-----------+---------+
        |                         |                      |     Latency     |     Interval    | Pipeline|
        |         Instance        |        Module        | min |    max    | min |    max    |   Type  |
        +-------------------------+----------------------+-----+-----------+-----+-----------+---------+
        |Loop_HConvH_proc6_U0     |Loop_HConvH_proc6     |    5|    2070612|    5|    2070612|   none  |
        |Loop_Border_proc_U0      |Loop_Border_proc      |    5|    2070609|    5|    2070609|   none  |
        |Loop_VConvH_proc_U0      |Loop_VConvH_proc      |    1|  162727228|    1|  162727228|   none  |
        |Block_proc_U0            |Block_proc            |    1|          1|    1|          1|   none  |
        |filter11x11_strm_ent_U0  |filter11x11_strm_ent  |    0|          0|    0|          0|   none  |
        +-------------------------+----------------------+-----+-----------+-----+-----------+---------+

        * Loop: 
        N/A



================================================================
== Utilization Estimates
================================================================
* Summary: 
+-----------------+---------+-------+--------+-------+-----+
|       Name      | BRAM_18K| DSP48E|   FF   |  LUT  | URAM|
+-----------------+---------+-------+--------+-------+-----+
|DSP              |        -|      -|       -|      -|    -|
|Expression       |        -|      -|       0|     32|    -|
|FIFO             |        0|      -|      55|    484|    -|
|Instance         |       44|     28|    5415|   3077|    0|
|Memory           |        -|      -|       -|      -|    -|
|Multiplexer      |        -|      -|       -|     36|    -|
|Register         |        -|      -|       6|      -|    -|
+-----------------+---------+-------+--------+-------+-----+
|Total            |       44|     28|    5476|   3629|    0|
+-----------------+---------+-------+--------+-------+-----+
|Available        |      280|    220|  106400|  53200|    0|
+-----------------+---------+-------+--------+-------+-----+
|Utilization (%)  |       15|     12|       5|      6|    0|
+-----------------+---------+-------+--------+-------+-----+

+ Detail: 
    * Instance: 
    +-------------------------+----------------------+---------+-------+------+------+-----+
    |         Instance        |        Module        | BRAM_18K| DSP48E|  FF  |  LUT | URAM|
    +-------------------------+----------------------+---------+-------+------+------+-----+
    |Block_proc_U0            |Block_proc            |        0|      0|    68|   121|    0|
    |Loop_Border_proc_U0      |Loop_Border_proc      |        4|      4|  1053|  1008|    0|
    |Loop_HConvH_proc6_U0     |Loop_HConvH_proc6     |        0|     22|  3419|  1443|    0|
    |Loop_VConvH_proc_U0      |Loop_VConvH_proc      |       40|      2|   872|   449|    0|
    |filter11x11_strm_ent_U0  |filter11x11_strm_ent  |        0|      0|     3|    56|    0|
    +-------------------------+----------------------+---------+-------+------+------+-----+
    |Total                    |                      |       44|     28|  5415|  3077|    0|
    +-------------------------+----------------------+---------+-------+------+------+-----+

    * DSP48E: 
    N/A

    * Memory: 
    N/A

    * FIFO: 
    +----------------------+---------+---+----+-----+------+-----+---------+
    |         Name         | BRAM_18K| FF| LUT| URAM| Depth| Bits| Size:D*B|
    +----------------------+---------+---+----+-----+------+-----+---------+
    |hconv_V_U             |        0|  5|   0|    -|     2|   32|       64|
    |height_c61_U          |        0|  5|   0|    -|     2|   32|       64|
    |height_c63_U          |        0|  5|   0|    -|     2|   32|       64|
    |height_c64_U          |        0|  5|   0|    -|     2|   32|       64|
    |height_c_U            |        0|  5|   0|    -|     2|   32|       64|
    |vconv_V_U             |        0|  5|   0|    -|     2|   32|       64|
    |vconv_xlim_loc_c65_U  |        0|  5|   0|    -|     2|   32|       64|
    |vconv_xlim_loc_c_U    |        0|  5|   0|    -|     2|   32|       64|
    |width_c60_U           |        0|  5|   0|    -|     2|   32|       64|
    |width_c62_U           |        0|  5|   0|    -|     3|   32|       96|
    |width_c_U             |        0|  5|   0|    -|     2|   32|       64|
    +----------------------+---------+---+----+-----+------+-----+---------+
    |Total                 |        0| 55|   0|    0|    23|  352|      736|
    +----------------------+---------+---+----+-----+------+-----+---------+

    * Expression: 
    +------------------------------------------+----------+-------+---+----+------------+------------+
    |               Variable Name              | Operation| DSP48E| FF| LUT| Bitwidth P0| Bitwidth P1|
    +------------------------------------------+----------+-------+---+----+------------+------------+
    |Loop_HConvH_proc6_U0_ap_ready_count       |     +    |      0|  0|  10|           2|           1|
    |filter11x11_strm_ent_U0_ap_ready_count    |     +    |      0|  0|  10|           2|           1|
    |Loop_HConvH_proc6_U0_ap_start             |    and   |      0|  0|   2|           1|           1|
    |ap_idle                                   |    and   |      0|  0|   2|           1|           1|
    |ap_sync_ready                             |    and   |      0|  0|   2|           1|           1|
    |filter11x11_strm_ent_U0_ap_start          |    and   |      0|  0|   2|           1|           1|
    |ap_sync_Loop_HConvH_proc6_U0_ap_ready     |    or    |      0|  0|   2|           1|           1|
    |ap_sync_filter11x11_strm_ent_U0_ap_ready  |    or    |      0|  0|   2|           1|           1|
    +------------------------------------------+----------+-------+---+----+------------+------------+
    |Total                                     |          |      0|  0|  32|          10|           8|
    +------------------------------------------+----------+-------+---+----+------------+------------+

    * Multiplexer: 
    +----------------------------------------------+----+-----------+-----+-----------+
    |                     Name                     | LUT| Input Size| Bits| Total Bits|
    +----------------------------------------------+----+-----------+-----+-----------+
    |Loop_HConvH_proc6_U0_ap_ready_count           |   9|          2|    2|          4|
    |ap_sync_reg_Loop_HConvH_proc6_U0_ap_ready     |   9|          2|    1|          2|
    |ap_sync_reg_filter11x11_strm_ent_U0_ap_ready  |   9|          2|    1|          2|
    |filter11x11_strm_ent_U0_ap_ready_count        |   9|          2|    2|          4|
    +----------------------------------------------+----+-----------+-----+-----------+
    |Total                                         |  36|          8|    6|         12|
    +----------------------------------------------+----+-----------+-----+-----------+

    * Register: 
    +----------------------------------------------+---+----+-----+-----------+
    |                     Name                     | FF| LUT| Bits| Const Bits|
    +----------------------------------------------+---+----+-----+-----------+
    |Loop_HConvH_proc6_U0_ap_ready_count           |  2|   0|    2|          0|
    |ap_sync_reg_Loop_HConvH_proc6_U0_ap_ready     |  1|   0|    1|          0|
    |ap_sync_reg_filter11x11_strm_ent_U0_ap_ready  |  1|   0|    1|          0|
    |filter11x11_strm_ent_U0_ap_ready_count        |  2|   0|    2|          0|
    +----------------------------------------------+---+----+-----+-----------+
    |Total                                         |  6|   0|    6|          0|
    +----------------------------------------------+---+----+-----+-----------+



================================================================
== Interface
================================================================
* Summary: 
+--------------+-----+-----+------------+------------------+--------------+
|   RTL Ports  | Dir | Bits|  Protocol  |   Source Object  |    C Type    |
+--------------+-----+-----+------------+------------------+--------------+
|width         |  in |   32|   ap_none  |       width      |    scalar    |
|height        |  in |   32|   ap_none  |      height      |    scalar    |
|src_V_TDATA   |  in |   32|    axis    |       src_V      |    pointer   |
|src_V_TVALID  |  in |    1|    axis    |       src_V      |    pointer   |
|src_V_TREADY  | out |    1|    axis    |       src_V      |    pointer   |
|dst_V_TDATA   | out |   32|    axis    |       dst_V      |    pointer   |
|dst_V_TVALID  | out |    1|    axis    |       dst_V      |    pointer   |
|dst_V_TREADY  |  in |    1|    axis    |       dst_V      |    pointer   |
|ap_clk        |  in |    1| ap_ctrl_hs | filter11x11_strm | return value |
|ap_rst_n      |  in |    1| ap_ctrl_hs | filter11x11_strm | return value |
|ap_start      |  in |    1| ap_ctrl_hs | filter11x11_strm | return value |
|ap_done       | out |    1| ap_ctrl_hs | filter11x11_strm | return value |
|ap_ready      | out |    1| ap_ctrl_hs | filter11x11_strm | return value |
|ap_idle       | out |    1| ap_ctrl_hs | filter11x11_strm | return value |
+--------------+-----+-----+------------+------------------+--------------+

