

================================================================
== Vivado HLS Report for 'Loop_HConvH_proc8'
================================================================
* Date:           Fri Feb 22 08:55:06 2019

* Version:        2019.1.0 (Build 2455522 on Wed Feb 20 04:08:51 MST 2019)
* Project:        proj_2D_convolution_with_linebuffer
* Solution:       solution1
* Product family: zynq
* Target device:  xc7z020-clg484-1


================================================================
== Performance Estimates
================================================================
+ Timing (ns): 
    * Summary: 
    +--------+-------+----------+------------+
    |  Clock | Target| Estimated| Uncertainty|
    +--------+-------+----------+------------+
    |ap_clk  |   6.66|     5.745|        0.83|
    +--------+-------+----------+------------+

+ Latency (clock cycles): 
    * Summary: 
    +-----+-----+-----+-----+---------+
    |  Latency  |  Interval | Pipeline|
    | min | max | min | max |   Type  |
    +-----+-----+-----+-----+---------+
    |    ?|    ?|    ?|    ?|   none  |
    +-----+-----+-----+-----+---------+

    + Detail: 
        * Instance: 
        N/A

        * Loop: 
        +-----------------+-----+-----+----------+-----------+-----------+------+----------+
        |                 |  Latency  | Iteration|  Initiation Interval  | Trip |          |
        |    Loop Name    | min | max |  Latency |  achieved |   target  | Count| Pipelined|
        +-----------------+-----+-----+----------+-----------+-----------+------+----------+
        |- HConvH_HConvW  |    ?|    ?|         8|          1|          1|     ?|    yes   |
        +-----------------+-----+-----+----------+-----------+-----------+------+----------+



================================================================
== Utilization Estimates
================================================================
* Summary: 
+-----------------+---------+-------+--------+-------+-----+
|       Name      | BRAM_18K| DSP48E|   FF   |  LUT  | URAM|
+-----------------+---------+-------+--------+-------+-----+
|DSP              |        -|      -|       -|      -|    -|
|Expression       |        -|      -|       0|    577|    -|
|FIFO             |        -|      -|       -|      -|    -|
|Instance         |        -|     22|    1660|    490|    -|
|Memory           |        -|      -|       -|      -|    -|
|Multiplexer      |        -|      -|       -|    152|    -|
|Register         |        0|      -|    1759|    224|    -|
+-----------------+---------+-------+--------+-------+-----+
|Total            |        0|     22|    3419|   1443|    0|
+-----------------+---------+-------+--------+-------+-----+
|Available        |      280|    220|  106400|  53200|    0|
+-----------------+---------+-------+--------+-------+-----+
|Utilization (%)  |        0|     10|       3|      2|    0|
+-----------------+---------+-------+--------+-------+-----+

+ Detail: 
    * Instance: 
    +-------------------------------------------+---------------------------------------+---------+-------+-----+----+-----+
    |                  Instance                 |                 Module                | BRAM_18K| DSP48E|  FF | LUT| URAM|
    +-------------------------------------------+---------------------------------------+---------+-------+-----+----+-----+
    |filter11x11_strm_mul_10ns_32s_32_3_1_U14   |filter11x11_strm_mul_10ns_32s_32_3_1   |        0|      2|  166|  49|    0|
    |filter11x11_strm_mul_10ns_32s_32_3_1_U17   |filter11x11_strm_mul_10ns_32s_32_3_1   |        0|      2|  166|  49|    0|
    |filter11x11_strm_mul_10ns_32s_32_3_1_U20   |filter11x11_strm_mul_10ns_32s_32_3_1   |        0|      2|  166|  49|    0|
    |filter11x11_strm_mul_10ns_32s_32_3_1_U21   |filter11x11_strm_mul_10ns_32s_32_3_1   |        0|      2|  166|  49|    0|
    |filter11x11_strm_mul_11ns_32s_32_3_1_U15   |filter11x11_strm_mul_11ns_32s_32_3_1   |        0|      2|  166|  49|    0|
    |filter11x11_strm_mul_11ns_32s_32_3_1_U16   |filter11x11_strm_mul_11ns_32s_32_3_1   |        0|      2|  166|  49|    0|
    |filter11x11_strm_mul_11ns_32s_32_3_1_U19   |filter11x11_strm_mul_11ns_32s_32_3_1   |        0|      2|  166|  49|    0|
    |filter11x11_strm_mul_32ns_32ns_64_3_1_U12  |filter11x11_strm_mul_32ns_32ns_64_3_1  |        0|      4|  166|  49|    0|
    |filter11x11_strm_mul_8ns_32s_32_3_1_U13    |filter11x11_strm_mul_8ns_32s_32_3_1    |        0|      2|  166|  49|    0|
    |filter11x11_strm_mul_8ns_32s_32_3_1_U18    |filter11x11_strm_mul_8ns_32s_32_3_1    |        0|      2|  166|  49|    0|
    +-------------------------------------------+---------------------------------------+---------+-------+-----+----+-----+
    |Total                                      |                                       |        0|     22| 1660| 490|    0|
    +-------------------------------------------+---------------------------------------+---------+-------+-----+----+-----+

    * DSP48: 
    N/A

    * Memory: 
    N/A

    * FIFO: 
    N/A

    * Expression: 
    +-----------------------------------+----------+-------+---+----+------------+------------+
    |           Variable Name           | Operation| DSP48E| FF| LUT| Bitwidth P0| Bitwidth P1|
    +-----------------------------------+----------+-------+---+----+------------+------------+
    |add_ln168_fu_215_p2                |     +    |      0|  0|  71|          64|           1|
    |add_ln176_10_fu_408_p2             |     +    |      0|  0|  32|          32|          32|
    |add_ln176_1_fu_371_p2              |     +    |      0|  0|  32|          32|          32|
    |add_ln176_2_fu_377_p2              |     +    |      0|  0|  32|          32|          32|
    |add_ln176_3_fu_381_p2              |     +    |      0|  0|  32|          32|          32|
    |add_ln176_4_fu_413_p2              |     +    |      0|  0|  32|          32|          32|
    |add_ln176_5_fu_387_p2              |     +    |      0|  0|  39|          32|          32|
    |add_ln176_6_fu_404_p2              |     +    |      0|  0|  32|          32|          32|
    |add_ln176_7_fu_395_p2              |     +    |      0|  0|  32|          32|          32|
    |add_ln176_8_fu_391_p2              |     +    |      0|  0|  39|          32|          32|
    |add_ln176_9_fu_399_p2              |     +    |      0|  0|  32|          32|          32|
    |add_ln176_fu_365_p2                |     +    |      0|  0|  32|          32|          32|
    |row_fu_324_p2                      |     +    |      0|  0|  13|          11|           1|
    |tmp_fu_417_p2                      |     +    |      0|  0|  32|          32|          32|
    |ap_block_state12_pp0_stage0_iter7  |    and   |      0|  0|   2|           1|           1|
    |ap_block_state5_pp0_stage0_iter0   |    and   |      0|  0|   2|           1|           1|
    |src_V_0_load_A                     |    and   |      0|  0|   2|           1|           1|
    |src_V_0_load_B                     |    and   |      0|  0|   2|           1|           1|
    |icmp_ln168_fu_210_p2               |   icmp   |      0|  0|  29|          64|          64|
    |icmp_ln169_fu_205_p2               |   icmp   |      0|  0|  18|          32|          32|
    |icmp_ln178_fu_313_p2               |   icmp   |      0|  0|  13|          11|           4|
    |src_V_0_state_cmp_full             |   icmp   |      0|  0|   8|           2|           1|
    |ap_block_pp0_stage0_01001          |    or    |      0|  0|   2|           1|           1|
    |ap_block_state1                    |    or    |      0|  0|   2|           1|           1|
    |select_ln169_fu_269_p3             |  select  |      0|  0|  11|           1|          11|
    |ap_enable_pp0                      |    xor   |      0|  0|   2|           1|           2|
    |ap_enable_reg_pp0_iter1            |    xor   |      0|  0|   2|           2|           1|
    +-----------------------------------+----------+-------+---+----+------------+------------+
    |Total                              |          |      0|  0| 577|         578|         507|
    +-----------------------------------+----------+-------+---+----+------------+------------+

    * Multiplexer: 
    +-------------------------+----+-----------+-----+-----------+
    |           Name          | LUT| Input Size| Bits| Total Bits|
    +-------------------------+----+-----------+-----+-----------+
    |ap_NS_fsm                |  38|          7|    1|          7|
    |ap_done                  |   9|          2|    1|          2|
    |ap_enable_reg_pp0_iter1  |   9|          2|    1|          2|
    |ap_enable_reg_pp0_iter7  |   9|          2|    1|          2|
    |hconv_V_blk_n            |   9|          2|    1|          2|
    |height_blk_n             |   9|          2|    1|          2|
    |indvar_flatten_reg_137   |   9|          2|   64|        128|
    |real_start               |   9|          2|    1|          2|
    |row_0_i_i_reg_148        |   9|          2|   11|         22|
    |src_V_0_data_out         |   9|          2|   32|         64|
    |src_V_0_state            |  15|          3|    2|          6|
    |src_V_TDATA_blk_n        |   9|          2|    1|          2|
    |width_blk_n              |   9|          2|    1|          2|
    +-------------------------+----+-----------+-----+-----------+
    |Total                    | 152|         32|  118|        243|
    +-------------------------+----+-----------+-----+-----------+

    * Register: 
    +-----------------------------------+----+----+-----+-----------+
    |                Name               | FF | LUT| Bits| Const Bits|
    +-----------------------------------+----+----+-----+-----------+
    |add_ln176_10_reg_654               |  32|   0|   32|          0|
    |add_ln176_1_reg_624                |  30|   0|   32|          2|
    |add_ln176_3_reg_629                |  32|   0|   32|          0|
    |add_ln176_5_reg_634                |  32|   0|   32|          0|
    |add_ln176_5_reg_634_pp0_iter4_reg  |  32|   0|   32|          0|
    |add_ln176_8_reg_639                |  32|   0|   32|          0|
    |add_ln176_9_reg_649                |  32|   0|   32|          0|
    |ap_CS_fsm                          |   6|   0|    6|          0|
    |ap_done_reg                        |   1|   0|    1|          0|
    |ap_enable_reg_pp0_iter0            |   1|   0|    1|          0|
    |ap_enable_reg_pp0_iter1            |   1|   0|    1|          0|
    |ap_enable_reg_pp0_iter2            |   1|   0|    1|          0|
    |ap_enable_reg_pp0_iter3            |   1|   0|    1|          0|
    |ap_enable_reg_pp0_iter4            |   1|   0|    1|          0|
    |ap_enable_reg_pp0_iter5            |   1|   0|    1|          0|
    |ap_enable_reg_pp0_iter6            |   1|   0|    1|          0|
    |ap_enable_reg_pp0_iter7            |   1|   0|    1|          0|
    |bound_reg_504                      |  64|   0|   64|          0|
    |height_read_reg_483                |  32|   0|   32|          0|
    |hwin_1_1_i_fu_72                   |  32|   0|   32|          0|
    |hwin_1_1_i_load_reg_509            |  32|   0|   32|          0|
    |hwin_1_fu_76                       |  32|   0|   32|          0|
    |hwin_2_fu_80                       |  32|   0|   32|          0|
    |hwin_3_fu_84                       |  32|   0|   32|          0|
    |hwin_3_load_reg_525                |  32|   0|   32|          0|
    |hwin_4_fu_88                       |  32|   0|   32|          0|
    |hwin_5_fu_92                       |  32|   0|   32|          0|
    |hwin_6_fu_96                       |  32|   0|   32|          0|
    |hwin_6_load_reg_540                |  32|   0|   32|          0|
    |hwin_7_fu_100                      |  32|   0|   32|          0|
    |hwin_7_load_reg_545                |  32|   0|   32|          0|
    |hwin_8_fu_104                      |  32|   0|   32|          0|
    |hwin_9_fu_108                      |  32|   0|   32|          0|
    |icmp_ln168_reg_555                 |   1|   0|    1|          0|
    |icmp_ln178_reg_575                 |   1|   0|    1|          0|
    |indvar_flatten_reg_137             |  64|   0|   64|          0|
    |mul_ln176_1_reg_589                |  32|   0|   32|          0|
    |mul_ln176_2_reg_644                |  32|   0|   32|          0|
    |mul_ln176_3_reg_594                |  32|   0|   32|          0|
    |mul_ln176_4_reg_599                |  32|   0|   32|          0|
    |mul_ln176_5_reg_614                |  32|   0|   32|          0|
    |mul_ln176_6_reg_619                |  32|   0|   32|          0|
    |mul_ln176_7_reg_604                |  32|   0|   32|          0|
    |mul_ln176_8_reg_609                |  32|   0|   32|          0|
    |mul_ln176_reg_584                  |  32|   0|   32|          0|
    |row_0_i_i_reg_148                  |  11|   0|   11|          0|
    |src_V_0_payload_A                  |  32|   0|   32|          0|
    |src_V_0_payload_B                  |  32|   0|   32|          0|
    |src_V_0_sel_rd                     |   1|   0|    1|          0|
    |src_V_0_sel_wr                     |   1|   0|    1|          0|
    |src_V_0_state                      |   2|   0|    2|          0|
    |start_once_reg                     |   1|   0|    1|          0|
    |tmp_2_reg_569                      |  32|   0|   32|          0|
    |tmp_reg_659                        |  32|   0|   32|          0|
    |width_read_reg_488                 |  32|   0|   32|          0|
    |add_ln176_1_reg_624                |  64|  32|   32|          2|
    |add_ln176_3_reg_629                |  64|  32|   32|          0|
    |hwin_1_1_i_load_reg_509            |  64|  32|   32|          0|
    |hwin_3_load_reg_525                |  64|  32|   32|          0|
    |icmp_ln168_reg_555                 |  64|  32|    1|          0|
    |icmp_ln178_reg_575                 |  64|  32|    1|          0|
    |tmp_2_reg_569                      |  64|  32|   32|          0|
    +-----------------------------------+----+----+-----+-----------+
    |Total                              |1759| 224| 1475|          4|
    +-----------------------------------+----+----+-----+-----------+



================================================================
== Interface
================================================================
* Summary: 
+----------------+-----+-----+------------+-------------------+--------------+
|    RTL Ports   | Dir | Bits|  Protocol  |   Source Object   |    C Type    |
+----------------+-----+-----+------------+-------------------+--------------+
|ap_clk          |  in |    1| ap_ctrl_hs | Loop_HConvH_proc8 | return value |
|ap_rst          |  in |    1| ap_ctrl_hs | Loop_HConvH_proc8 | return value |
|ap_start        |  in |    1| ap_ctrl_hs | Loop_HConvH_proc8 | return value |
|start_full_n    |  in |    1| ap_ctrl_hs | Loop_HConvH_proc8 | return value |
|ap_done         | out |    1| ap_ctrl_hs | Loop_HConvH_proc8 | return value |
|ap_continue     |  in |    1| ap_ctrl_hs | Loop_HConvH_proc8 | return value |
|ap_idle         | out |    1| ap_ctrl_hs | Loop_HConvH_proc8 | return value |
|ap_ready        | out |    1| ap_ctrl_hs | Loop_HConvH_proc8 | return value |
|start_out       | out |    1| ap_ctrl_hs | Loop_HConvH_proc8 | return value |
|start_write     | out |    1| ap_ctrl_hs | Loop_HConvH_proc8 | return value |
|height_dout     |  in |   32|   ap_fifo  |       height      |    pointer   |
|height_empty_n  |  in |    1|   ap_fifo  |       height      |    pointer   |
|height_read     | out |    1|   ap_fifo  |       height      |    pointer   |
|width_dout      |  in |   32|   ap_fifo  |       width       |    pointer   |
|width_empty_n   |  in |    1|   ap_fifo  |       width       |    pointer   |
|width_read      | out |    1|   ap_fifo  |       width       |    pointer   |
|src_V_TDATA     |  in |   32|    axis    |       src_V       |    pointer   |
|src_V_TVALID    |  in |    1|    axis    |       src_V       |    pointer   |
|src_V_TREADY    | out |    1|    axis    |       src_V       |    pointer   |
|hconv_V_din     | out |   32|   ap_fifo  |      hconv_V      |    pointer   |
|hconv_V_full_n  |  in |    1|   ap_fifo  |      hconv_V      |    pointer   |
|hconv_V_write   | out |    1|   ap_fifo  |      hconv_V      |    pointer   |
+----------------+-----+-----+------------+-------------------+--------------+

