

================================================================
== Vivado HLS Report for 'Loop_VConvH_proc'
================================================================
* Date:           Fri May 24 09:06:12 2019

* Version:        2019.2.0 (Build 2549865 on Wed May 22 09:55:03 MDT 2019)
* Project:        proj_2D_convolution_with_linebuffer
* Solution:       solution1
* Product family: zynq
* Target device:  xc7z020-clg484-1


================================================================
== Performance Estimates
================================================================
+ Timing (ns): 
    * Summary: 
    +--------+-------+----------+------------+
    |  Clock | Target| Estimated| Uncertainty|
    +--------+-------+----------+------------+
    |ap_clk  |   6.66|     5.827|        0.83|
    +--------+-------+----------+------------+

+ Latency (clock cycles): 
    * Summary: 
    +-----+-----------+-----+-----------+---------+
    |     Latency     |     Interval    | Pipeline|
    | min |    max    | min |    max    |   Type  |
    +-----+-----------+-----+-----------+---------+
    |    1|  162727228|    1|  162727228|   none  |
    +-----+-----------+-----+-----------+---------+

    + Detail: 
        * Instance: 
        N/A

        * Loop: 
        +------------+-----+-----------+------------+-----------+-----------+----------+----------+
        |            |     Latency     |  Iteration |  Initiation Interval  |   Trip   |          |
        |  Loop Name | min |    max    |   Latency  |  achieved |   target  |   Count  | Pipelined|
        +------------+-----+-----------+------------+-----------+-----------+----------+----------+
        |- VConvH    |    0|  162727227| 2 ~ 150813 |          -|          -| 0 ~ 1079 |    no    |
        | + VConvW   |    0|     150811|          79|          -|          -| 0 ~ 1909 |    no    |
        |  ++ VConv  |   77|         77|           7|          -|          -|        11|    no    |
        +------------+-----+-----------+------------+-----------+-----------+----------+----------+



================================================================
== Utilization Estimates
================================================================
* Summary: 
+-----------------+---------+-------+--------+-------+-----+
|       Name      | BRAM_18K| DSP48E|   FF   |  LUT  | URAM|
+-----------------+---------+-------+--------+-------+-----+
|DSP              |        -|      -|       -|      -|    -|
|Expression       |        -|      -|       0|    194|    -|
|FIFO             |        -|      -|       -|      -|    -|
|Instance         |        -|      2|     166|    104|    -|
|Memory           |       40|      -|      10|      2|    0|
|Multiplexer      |        -|      -|       -|    149|    -|
|Register         |        -|      -|     696|      -|    -|
+-----------------+---------+-------+--------+-------+-----+
|Total            |       40|      2|     872|    449|    0|
+-----------------+---------+-------+--------+-------+-----+
|Available        |      280|    220|  106400|  53200|    0|
+-----------------+---------+-------+--------+-------+-----+
|Utilization (%)  |       14|   ~0  |   ~0   |   ~0  |    0|
+-----------------+---------+-------+--------+-------+-----+

+ Detail: 
    * Instance: 
    +------------------------------------------+--------------------------------------+---------+-------+-----+----+-----+
    |                 Instance                 |                Module                | BRAM_18K| DSP48E|  FF | LUT| URAM|
    +------------------------------------------+--------------------------------------+---------+-------+-----+----+-----+
    |filter11x11_strm_mul_32s_10ns_32_3_1_U31  |filter11x11_strm_mul_32s_10ns_32_3_1  |        0|      2|  166|  49|    0|
    |filter11x11_strm_mux_104_32_1_1_U30       |filter11x11_strm_mux_104_32_1_1       |        0|      0|    0|  55|    0|
    +------------------------------------------+--------------------------------------+---------+-------+-----+----+-----+
    |Total                                     |                                      |        0|      2|  166| 104|    0|
    +------------------------------------------+--------------------------------------+---------+-------+-----+----+-----+

    * DSP48E: 
    N/A

    * Memory: 
    +----------------+-------------------------------+---------+----+----+-----+------+-----+------+-------------+
    |     Memory     |             Module            | BRAM_18K| FF | LUT| URAM| Words| Bits| Banks| W*Bits*Banks|
    +----------------+-------------------------------+---------+----+----+-----+------+-----+------+-------------+
    |filt11_coeff_U  |Loop_VConvH_proc_filt11_coeff  |        0|  10|   2|    0|    11|   10|     1|          110|
    |linebuf_0_U     |Loop_VConvH_proc_linebuf_0     |        4|   0|   0|    0|  1920|   32|     1|        61440|
    |linebuf_1_U     |Loop_VConvH_proc_linebuf_0     |        4|   0|   0|    0|  1920|   32|     1|        61440|
    |linebuf_2_U     |Loop_VConvH_proc_linebuf_0     |        4|   0|   0|    0|  1920|   32|     1|        61440|
    |linebuf_3_U     |Loop_VConvH_proc_linebuf_0     |        4|   0|   0|    0|  1920|   32|     1|        61440|
    |linebuf_4_U     |Loop_VConvH_proc_linebuf_0     |        4|   0|   0|    0|  1920|   32|     1|        61440|
    |linebuf_5_U     |Loop_VConvH_proc_linebuf_0     |        4|   0|   0|    0|  1920|   32|     1|        61440|
    |linebuf_6_U     |Loop_VConvH_proc_linebuf_0     |        4|   0|   0|    0|  1920|   32|     1|        61440|
    |linebuf_7_U     |Loop_VConvH_proc_linebuf_0     |        4|   0|   0|    0|  1920|   32|     1|        61440|
    |linebuf_8_U     |Loop_VConvH_proc_linebuf_0     |        4|   0|   0|    0|  1920|   32|     1|        61440|
    |linebuf_9_U     |Loop_VConvH_proc_linebuf_0     |        4|   0|   0|    0|  1920|   32|     1|        61440|
    +----------------+-------------------------------+---------+----+----+-----+------+-----+------+-------------+
    |Total           |                               |       40|  10|   2|    0| 19211|  330|    11|       614510|
    +----------------+-------------------------------+---------+----+----+-----+------+-----+------+-------------+

    * FIFO: 
    N/A

    * Expression: 
    +--------------------------------+----------+-------+---+----+------------+------------+
    |          Variable Name         | Operation| DSP48E| FF| LUT| Bitwidth P0| Bitwidth P1|
    +--------------------------------+----------+-------+---+----+------------+------------+
    |col_fu_340_p2                   |     +    |      0|  0|  13|          11|           1|
    |i_fu_387_p2                     |     +    |      0|  0|  13|           4|           1|
    |out_val_fu_435_p2               |     +    |      0|  0|  39|          32|          32|
    |row_fu_361_p2                   |     +    |      0|  0|  13|          11|           1|
    |ap_block_state3                 |    and   |      0|  0|   2|           1|           1|
    |ap_block_state4                 |    and   |      0|  0|   2|           1|           1|
    |ap_predicate_op73_write_state4  |    and   |      0|  0|   2|           1|           1|
    |icmp_ln185_fu_335_p2            |   icmp   |      0|  0|  18|          32|          32|
    |icmp_ln186_fu_356_p2            |   icmp   |      0|  0|  18|          32|          32|
    |icmp_ln191_fu_381_p2            |   icmp   |      0|  0|   9|           4|           4|
    |icmp_ln192_fu_398_p2            |   icmp   |      0|  0|   9|           4|           4|
    |icmp_ln194_fu_440_p2            |   icmp   |      0|  0|   9|           4|           1|
    |icmp_ln197_fu_346_p2            |   icmp   |      0|  0|  13|          11|           4|
    |ap_block_state1                 |    or    |      0|  0|   2|           1|           1|
    |vwin_val_fu_420_p3              |  select  |      0|  0|  32|           1|          32|
    +--------------------------------+----------+-------+---+----+------------+------------+
    |Total                           |          |      0|  0| 194|         150|         148|
    +--------------------------------+----------+-------+---+----+------------+------------+

    * Multiplexer: 
    +--------------------------+----+-----------+-----+-----------+
    |           Name           | LUT| Input Size| Bits| Total Bits|
    +--------------------------+----+-----------+-----+-----------+
    |ap_NS_fsm                 |  50|         11|    1|         11|
    |ap_done                   |   9|          2|    1|          2|
    |col1_0_i_i_i_reg_284      |   9|          2|   11|         22|
    |hconv_V_blk_n             |   9|          2|    1|          2|
    |height_blk_n              |   9|          2|    1|          2|
    |height_out_blk_n          |   9|          2|    1|          2|
    |i5_0_i_i_i_reg_319        |   9|          2|    4|          8|
    |row2_0_i_i_i_reg_295      |   9|          2|   11|         22|
    |tmp_reg_306               |   9|          2|   32|         64|
    |vconv_V_blk_n             |   9|          2|    1|          2|
    |vconv_xlim_loc_blk_n      |   9|          2|    1|          2|
    |vconv_xlim_loc_out_blk_n  |   9|          2|    1|          2|
    +--------------------------+----+-----------+-----+-----------+
    |Total                     | 149|         33|   66|        141|
    +--------------------------+----+-----------+-----+-----------+

    * Register: 
    +-----------------------------+----+----+-----+-----------+
    |             Name            | FF | LUT| Bits| Const Bits|
    +-----------------------------+----+----+-----+-----------+
    |ap_CS_fsm                    |  10|   0|   10|          0|
    |ap_done_reg                  |   1|   0|    1|          0|
    |col1_0_i_i_i_reg_284         |  11|   0|   11|          0|
    |col_reg_459                  |  11|   0|   11|          0|
    |filt11_coeff_load_reg_609    |  10|   0|   10|          0|
    |height_read_reg_446          |  32|   0|   32|          0|
    |i5_0_i_i_i_reg_319           |   4|   0|    4|          0|
    |i_reg_534                    |   4|   0|    4|          0|
    |icmp_ln197_reg_464           |   1|   0|    1|          0|
    |linebuf_0_addr_reg_481       |  11|   0|   11|          0|
    |linebuf_0_load_reg_539       |  32|   0|   32|          0|
    |linebuf_1_addr_reg_486       |  11|   0|   11|          0|
    |linebuf_1_load_reg_544       |  32|   0|   32|          0|
    |linebuf_2_addr_reg_491       |  11|   0|   11|          0|
    |linebuf_2_load_reg_549       |  32|   0|   32|          0|
    |linebuf_3_addr_reg_496       |  11|   0|   11|          0|
    |linebuf_3_load_reg_554       |  32|   0|   32|          0|
    |linebuf_4_addr_reg_501       |  11|   0|   11|          0|
    |linebuf_4_load_reg_559       |  32|   0|   32|          0|
    |linebuf_5_addr_reg_506       |  11|   0|   11|          0|
    |linebuf_5_load_reg_564       |  32|   0|   32|          0|
    |linebuf_6_addr_reg_511       |  11|   0|   11|          0|
    |linebuf_6_load_reg_569       |  32|   0|   32|          0|
    |linebuf_7_addr_reg_516       |  11|   0|   11|          0|
    |linebuf_7_load_reg_574       |  32|   0|   32|          0|
    |linebuf_8_addr_reg_521       |  11|   0|   11|          0|
    |linebuf_8_load_reg_579       |  32|   0|   32|          0|
    |linebuf_9_addr_reg_526       |  11|   0|   11|          0|
    |linebuf_9_load_reg_584       |  32|   0|   32|          0|
    |mul_ln193_reg_619            |  32|   0|   32|          0|
    |row2_0_i_i_i_reg_295         |  11|   0|   11|          0|
    |row_reg_471                  |  11|   0|   11|          0|
    |tmp_1_reg_476                |  32|   0|   32|          0|
    |tmp_reg_306                  |  32|   0|   32|          0|
    |vconv_xlim_loc_read_reg_451  |  32|   0|   32|          0|
    |vwin_val_reg_594             |  32|   0|   32|          0|
    +-----------------------------+----+----+-----+-----------+
    |Total                        | 696|   0|  696|          0|
    +-----------------------------+----+----+-----+-----------+



================================================================
== Interface
================================================================
* Summary: 
+---------------------------+-----+-----+------------+--------------------+--------------+
|         RTL Ports         | Dir | Bits|  Protocol  |    Source Object   |    C Type    |
+---------------------------+-----+-----+------------+--------------------+--------------+
|ap_clk                     |  in |    1| ap_ctrl_hs |  Loop_VConvH_proc  | return value |
|ap_rst                     |  in |    1| ap_ctrl_hs |  Loop_VConvH_proc  | return value |
|ap_start                   |  in |    1| ap_ctrl_hs |  Loop_VConvH_proc  | return value |
|ap_done                    | out |    1| ap_ctrl_hs |  Loop_VConvH_proc  | return value |
|ap_continue                |  in |    1| ap_ctrl_hs |  Loop_VConvH_proc  | return value |
|ap_idle                    | out |    1| ap_ctrl_hs |  Loop_VConvH_proc  | return value |
|ap_ready                   | out |    1| ap_ctrl_hs |  Loop_VConvH_proc  | return value |
|height_dout                |  in |   32|   ap_fifo  |       height       |    pointer   |
|height_empty_n             |  in |    1|   ap_fifo  |       height       |    pointer   |
|height_read                | out |    1|   ap_fifo  |       height       |    pointer   |
|vconv_xlim_loc_dout        |  in |   32|   ap_fifo  |   vconv_xlim_loc   |    pointer   |
|vconv_xlim_loc_empty_n     |  in |    1|   ap_fifo  |   vconv_xlim_loc   |    pointer   |
|vconv_xlim_loc_read        | out |    1|   ap_fifo  |   vconv_xlim_loc   |    pointer   |
|hconv_V_dout               |  in |   32|   ap_fifo  |       hconv_V      |    pointer   |
|hconv_V_empty_n            |  in |    1|   ap_fifo  |       hconv_V      |    pointer   |
|hconv_V_read               | out |    1|   ap_fifo  |       hconv_V      |    pointer   |
|vconv_V_din                | out |   32|   ap_fifo  |       vconv_V      |    pointer   |
|vconv_V_full_n             |  in |    1|   ap_fifo  |       vconv_V      |    pointer   |
|vconv_V_write              | out |    1|   ap_fifo  |       vconv_V      |    pointer   |
|height_out_din             | out |   32|   ap_fifo  |     height_out     |    pointer   |
|height_out_full_n          |  in |    1|   ap_fifo  |     height_out     |    pointer   |
|height_out_write           | out |    1|   ap_fifo  |     height_out     |    pointer   |
|vconv_xlim_loc_out_din     | out |   32|   ap_fifo  | vconv_xlim_loc_out |    pointer   |
|vconv_xlim_loc_out_full_n  |  in |    1|   ap_fifo  | vconv_xlim_loc_out |    pointer   |
|vconv_xlim_loc_out_write   | out |    1|   ap_fifo  | vconv_xlim_loc_out |    pointer   |
+---------------------------+-----+-----+------------+--------------------+--------------+

